#
# There is insufficient memory for the Java Runtime Environment to continue.
# Native memory allocation (malloc) failed to allocate 1048576 bytes for AllocateHeap
# Possible reasons:
#   The system is out of physical RAM or swap space
#   The process is running with CompressedOops enabled, and the Java Heap may be blocking the growth of the native heap
# Possible solutions:
#   Reduce memory load on the system
#   Increase physical memory or swap space
#   Check if swap backing store is full
#   Decrease Java heap size (-Xmx/-Xms)
#   Decrease number of Java threads
#   Decrease Java thread stack sizes (-Xss)
#   Set larger code cache with -XX:ReservedCodeCacheSize=
# This output file may be truncated or incomplete.
#
#  Out of Memory Error (./src/hotspot/share/memory/allocation.cpp:46), pid=13112, tid=12676
#
# JRE version:  (11.0.14.1+1) (build )
# Java VM: OpenJDK 64-Bit Server VM (11.0.14.1+1, mixed mode, sharing, tiered, compressed oops, g1 gc, windows-amd64)
# No core dump will be written. Minidumps are not enabled by default on client versions of Windows
#

---------------  S U M M A R Y ------------

Command Line: -Dfile.encoding=UTF-8 

Host: AMD Ryzen 7 3700X 8-Core Processor             , 16 cores, 31G,  Windows 10 , 64 bit Build 19041 (10.0.19041.4597)
Time: Mon Jul 22 09:42:06 2024 India Standard Time elapsed time: 0.008928 seconds (0d 0h 0m 0s)

---------------  T H R E A D  ---------------

Current thread (0x00000254c3955800):  JavaThread "Unknown thread" [_thread_in_vm, id=12676, stack(0x0000006c86000000,0x0000006c86100000)]

Stack: [0x0000006c86000000,0x0000006c86100000]
Native frames: (J=compiled Java code, j=interpreted, Vv=VM code, C=native code)
V  [jvm.dll+0x61e59a]
V  [jvm.dll+0x7aaca9]
V  [jvm.dll+0x7ac398]
V  [jvm.dll+0x7aca73]
V  [jvm.dll+0x24f9b8]
V  [jvm.dll+0xb95d4]
V  [jvm.dll+0x2eba44]
V  [jvm.dll+0x2e5849]
V  [jvm.dll+0x784b07]
V  [jvm.dll+0x78628f]
V  [jvm.dll+0x35f479]
V  [jvm.dll+0x767aa0]
V  [jvm.dll+0x3ccf1f]
V  [jvm.dll+0x3cf2b1]
C  [jli.dll+0x5207]
C  [ucrtbase.dll+0x21bb2]
C  [KERNEL32.DLL+0x17374]
C  [ntdll.dll+0x4cc91]


---------------  P R O C E S S  ---------------

Threads class SMR info:
_java_thread_list=0x00000254c16b14f0, length=0, elements={
}

Java Threads: ( => current thread )

Other Threads:
  0x00000254c3971000 GCTaskThread "GC Thread#0" [stack: 0x0000006c86100000,0x0000006c86200000] [id=39928]

[error occurred during error reporting (printing all threads), id 0xc0000005, EXCEPTION_ACCESS_VIOLATION (0xc0000005) at pc=0x00007ffcb70e1030]

VM state:not at safepoint (not fully initialized)

VM Mutex/Monitor currently owned by a thread:  ([mutex/lock_event])
[0x00000254c177b5e0] Heap_lock - owner thread: 0x00000254c3955800

Heap address: 0x0000000600c00000, size: 8180 MB, Compressed Oops mode: Non-zero based: 0x0000000600c00000
Narrow klass base: 0x0000000000000000, Narrow klass shift: 0

GC Heap History (0 events):
No events

Deoptimization events (0 events):
No events

Classes redefined (0 events):
No events

Internal exceptions (0 events):
No events

Events (1 events):
Event: 0.005 Loaded shared library C:\Program Files\Unity\Hub\Editor\2022.3.4f1\Editor\Data\PlaybackEngines\AndroidPlayer\OpenJDK\bin\zip.dll


Dynamic libraries:
0x00007ff73c1f0000 - 0x00007ff73c1fd000 	C:\Program Files\Unity\Hub\Editor\2022.3.4f1\Editor\Data\PlaybackEngines\AndroidPlayer\OpenJDK\bin\java.exe
0x00007ffd2f990000 - 0x00007ffd2fb88000 	C:\WINDOWS\SYSTEM32\ntdll.dll
0x00007ffd2f800000 - 0x00007ffd2f8c1000 	C:\WINDOWS\System32\KERNEL32.DLL
0x00007ffd2d480000 - 0x00007ffd2d776000 	C:\WINDOWS\System32\KERNELBASE.dll
0x00007ffd28f80000 - 0x00007ffd29014000 	C:\WINDOWS\SYSTEM32\apphelp.dll
0x00007ffd2d8c0000 - 0x00007ffd2d9c0000 	C:\WINDOWS\System32\ucrtbase.dll
0x00007ffd28170000 - 0x00007ffd28185000 	C:\Program Files\Unity\Hub\Editor\2022.3.4f1\Editor\Data\PlaybackEngines\AndroidPlayer\OpenJDK\bin\VCRUNTIME140.dll
0x00007ffd28150000 - 0x00007ffd28167000 	C:\Program Files\Unity\Hub\Editor\2022.3.4f1\Editor\Data\PlaybackEngines\AndroidPlayer\OpenJDK\bin\jli.dll
0x00007ffd2eb30000 - 0x00007ffd2eccf000 	C:\WINDOWS\System32\USER32.dll
0x00007ffd2d780000 - 0x00007ffd2d7a2000 	C:\WINDOWS\System32\win32u.dll
0x00007ffd20f50000 - 0x00007ffd211ea000 	C:\WINDOWS\WinSxS\amd64_microsoft.windows.common-controls_6595b64144ccf1df_6.0.19041.4355_none_60b8b9eb71f62e16\COMCTL32.dll
0x00007ffd2e6f0000 - 0x00007ffd2e71b000 	C:\WINDOWS\System32\GDI32.dll
0x00007ffd2e570000 - 0x00007ffd2e60e000 	C:\WINDOWS\System32\msvcrt.dll
0x00007ffd2d040000 - 0x00007ffd2d157000 	C:\WINDOWS\System32\gdi32full.dll
0x00007ffd2d160000 - 0x00007ffd2d1fd000 	C:\WINDOWS\System32\msvcp_win.dll
0x00007ffd2eb00000 - 0x00007ffd2eb2f000 	C:\WINDOWS\System32\IMM32.DLL
0x00007ffd0bb30000 - 0x00007ffd0bbcb000 	C:\Program Files\Unity\Hub\Editor\2022.3.4f1\Editor\Data\PlaybackEngines\AndroidPlayer\OpenJDK\bin\msvcp140.dll
0x00007ffcb6df0000 - 0x00007ffcb7971000 	C:\Program Files\Unity\Hub\Editor\2022.3.4f1\Editor\Data\PlaybackEngines\AndroidPlayer\OpenJDK\bin\server\jvm.dll
0x00007ffd2e1d0000 - 0x00007ffd2e280000 	C:\WINDOWS\System32\ADVAPI32.dll
0x00007ffd2da90000 - 0x00007ffd2db30000 	C:\WINDOWS\System32\sechost.dll
0x00007ffd2e9d0000 - 0x00007ffd2eaf3000 	C:\WINDOWS\System32\RPCRT4.dll
0x00007ffd2d840000 - 0x00007ffd2d867000 	C:\WINDOWS\System32\bcrypt.dll
0x00007ffd2e890000 - 0x00007ffd2e898000 	C:\WINDOWS\System32\PSAPI.DLL
0x00007ffcfd8b0000 - 0x00007ffcfd8b9000 	C:\WINDOWS\SYSTEM32\WSOCK32.dll
0x00007ffd1ba70000 - 0x00007ffd1ba97000 	C:\WINDOWS\SYSTEM32\WINMM.dll
0x00007ffd24da0000 - 0x00007ffd24daa000 	C:\WINDOWS\SYSTEM32\VERSION.dll
0x00007ffd2f8d0000 - 0x00007ffd2f93b000 	C:\WINDOWS\System32\WS2_32.dll
0x00007ffd2aee0000 - 0x00007ffd2aef2000 	C:\WINDOWS\SYSTEM32\kernel.appcore.dll
0x00007ffd2a5c0000 - 0x00007ffd2a5d0000 	C:\Program Files\Unity\Hub\Editor\2022.3.4f1\Editor\Data\PlaybackEngines\AndroidPlayer\OpenJDK\bin\verify.dll
0x00007ffd1aa60000 - 0x00007ffd1ac44000 	C:\WINDOWS\SYSTEM32\DBGHELP.DLL
0x00007ffd0f330000 - 0x00007ffd0f364000 	C:\WINDOWS\SYSTEM32\dbgcore.DLL
0x00007ffd2d7b0000 - 0x00007ffd2d832000 	C:\WINDOWS\System32\bcryptPrimitives.dll
0x00007ffd28120000 - 0x00007ffd28148000 	C:\Program Files\Unity\Hub\Editor\2022.3.4f1\Editor\Data\PlaybackEngines\AndroidPlayer\OpenJDK\bin\java.dll
0x00007ffd27210000 - 0x00007ffd2721a000 	C:\Program Files\Unity\Hub\Editor\2022.3.4f1\Editor\Data\PlaybackEngines\AndroidPlayer\OpenJDK\bin\jimage.dll
0x00007ffd26a20000 - 0x00007ffd26a38000 	C:\Program Files\Unity\Hub\Editor\2022.3.4f1\Editor\Data\PlaybackEngines\AndroidPlayer\OpenJDK\bin\zip.dll

dbghelp: loaded successfully - version: 4.0.5 - missing functions: none
symbol engine: initialized successfully - sym options: 0x614 - pdb path: .;C:\Program Files\Unity\Hub\Editor\2022.3.4f1\Editor\Data\PlaybackEngines\AndroidPlayer\OpenJDK\bin;C:\WINDOWS\SYSTEM32;C:\WINDOWS\WinSxS\amd64_microsoft.windows.common-controls_6595b64144ccf1df_6.0.19041.4355_none_60b8b9eb71f62e16;C:\Program Files\Unity\Hub\Editor\2022.3.4f1\Editor\Data\PlaybackEngines\AndroidPlayer\OpenJDK\bin\server

VM Arguments:
jvm_args: -Dfile.encoding=UTF-8 
java_command: <unknown>
java_class_path (initial): <not set>
Launcher Type: SUN_STANDARD

[Global flags]
     intx CICompilerCount                          = 12                                        {product} {ergonomic}
     uint ConcGCThreads                            = 3                                         {product} {ergonomic}
     uint G1ConcRefinementThreads                  = 13                                        {product} {ergonomic}
   size_t G1HeapRegionSize                         = 2097152                                   {product} {ergonomic}
    uintx GCDrainStackTargetSize                   = 64                                        {product} {ergonomic}
   size_t InitialHeapSize                          = 536870912                                 {product} {ergonomic}
   size_t MarkStackSize                            = 4194304                                   {product} {ergonomic}
   size_t MaxHeapSize                              = 8577351680                                {product} {ergonomic}
   size_t MinHeapDeltaBytes                        = 2097152                                   {product} {ergonomic}
    uintx NonNMethodCodeHeapSize                   = 7594288                                {pd product} {ergonomic}
    uintx NonProfiledCodeHeapSize                  = 122031976                              {pd product} {ergonomic}
    uintx ProfiledCodeHeapSize                     = 122031976                              {pd product} {ergonomic}
    uintx ReservedCodeCacheSize                    = 251658240                              {pd product} {ergonomic}
     bool SegmentedCodeCache                       = true                                      {product} {ergonomic}
     bool UseCompressedClassPointers               = true                                 {lp64_product} {ergonomic}
     bool UseCompressedOops                        = true                                 {lp64_product} {ergonomic}
     bool UseG1GC                                  = true                                      {product} {ergonomic}
     bool UseLargePagesIndividualAllocation        = false                                  {pd product} {ergonomic}

Logging:
Log output configuration:
 #0: stdout all=warning uptime,level,tags
 #1: stderr all=off uptime,level,tags

Environment Variables:
JAVA_HOME=C:\Program Files\Unity\Hub\Editor\2022.3.4f1\Editor\Data\PlaybackEngines\AndroidPlayer\OpenJDK
JAVA_TOOL_OPTIONS=-Dfile.encoding=UTF-8
PATH=C:\Program Files\Oculus\Support\oculus-runtime;C:\Program Files\Microsoft MPI\Bin\;C:\Program Files\NVIDIA GPU Computing Toolkit\CUDA\v11.1\bin;C:\Program Files\NVIDIA GPU Computing Toolkit\CUDA\v11.1\libnvvp;C:\WINDOWS\system32;C:\WINDOWS;C:\WINDOWS\System32\Wbem;C:\WINDOWS\System32\WindowsPowerShell\v1.0\;C:\WINDOWS\System32\OpenSSH\;C:\Program Files\NVIDIA Corporation\NVIDIA NvDLISR;C:\Program Files (x86)\NVIDIA Corporation\PhysX\Common;C:\Program Files\Git\cmd;C:\Program Files (x86)\ffmpeg\bin;C:\Program Files (x86)\ZED SDK\dependencies\freeglut_2.8\x64;C:\Program Files (x86)\ZED SDK\dependencies\glew-1.12.0\x64;C:\Program Files (x86)\ZED SDK\dependencies\opencv_3.1.0\x64;C:\Program Files (x86)\ZED SDK\bin;C:\Program Files\NVIDIA Corporation\Nsight Compute 2020.2.0\;C:\Users\User\anaconda3\condabin;C:\Program Files\CMake\bin;C:\Program Files\dotnet\;C:\Program Files\Microsoft SQL Server\130\Tools\Binn\;C:\Program Files\Microsoft SQL Server\Client SDK\ODBC\170\Tools\Binn\;C:\swigwin-3.0.12;C:\gdcm\gdcmbin\bin\Release;C:\Qt\6.3.1\mingw_64\bin;C:\Qt\6.3.1\mingw_64\lib;C:\Program Files\Microsoft MPI\Bin;C:\VTK-9.1.0\build\bin;C:\ProgramData\Anaconda3;C:\MinGW\bin;C:\Program Files\SourceGear\Common\DiffMerge\;C:\Users\User\AppData\Local\Microsoft\WindowsApps;C:\Program Files\Git\bin\git.exe;C:\Program Files\Git\cmd;C:\Users\User\.dotnet\tools;C:\Users\User\AppData\Local\GitHubDesktop\bin;C:\Users\User\AppData\Local\Programs\Fiddler;C:\Users\User\.dotnet\tools;C:\Users\User\AppData\Local\Programs\Microsoft VS Code\bin
USERNAME=User
OS=Windows_NT
PROCESSOR_IDENTIFIER=AMD64 Family 23 Model 113 Stepping 0, AuthenticAMD



---------------  S Y S T E M  ---------------

OS: Windows 10 , 64 bit Build 19041 (10.0.19041.4597)
OS uptime: 3 days 18:25 hours

CPU:total 16 (initial active 16) (16 cores per cpu, 2 threads per core) family 23 model 113 stepping 0 microcode 0x0, cmov, cx8, fxsr, mmx, sse, sse2, sse3, ssse3, sse4.1, sse4.2, popcnt, avx, avx2, aes, clmul, mmxext, 3dnowpref, lzcnt, sse4a, ht, tsc, tscinvbit, tscinv, bmi1, bmi2, adx, sha, fma

Memory: 4k page, system-wide physical 32712M (16537M free)
TotalPageFile size 89863M (AvailPageFile size 5M)
current process WorkingSet (physical memory assigned to process): 11M, peak: 11M
current process commit charge ("private bytes"): 62M, peak: 63M

vm_info: OpenJDK 64-Bit Server VM (11.0.14.1+1) for windows-amd64 JRE (11.0.14.1+1), built on Feb  9 2022 01:48:27 by "" with unknown MS VC++:1916

END.
